<?xml version="1.0" encoding="UTF-8"?>
<testsuite xmlns:xsi="http://www.w3.org/2001/XMLSchema-instance" xsi:noNamespaceSchemaLocation="https://maven.apache.org/surefire/maven-surefire-plugin/xsd/surefire-test-report-3.0.xsd" version="3.0" name="com.eazybytes.springsecuritybasic.SpringsecuritybasicApplicationTests" time="4.974" tests="1" errors="0" skipped="0" failures="0">
  <properties>
[...]
</properties>
  <testcase name="contextLoads" classname="com.eazybytes.springsecuritybasic.SpringsecuritybasicApplicationTests" time="1.634">
    <system-out><![CDATA[21:21:59.850 [main] INFO org.springframework.test.context.support.AnnotationConfigContextLoaderUtils -- Could not detect default configuration classes for test class [com.eazybytes.springsecuritybasic.SpringsecuritybasicApplicationTests]: SpringsecuritybasicApplicationTests does not declare any static, non-private, non-final, nested classes annotated with @Configuration.
21:21:59.953 [main] INFO org.springframework.boot.test.context.SpringBootTestContextBootstrapper -- Found @SpringBootConfiguration com.eazybytes.springsecuritybasic.SpringsecuritybasicApplication for test class com.eazybytes.springsecuritybasic.SpringsecuritybasicApplicationTests
21:22:00.181 [main] INFO org.springframework.boot.devtools.restart.RestartApplicationListener -- Restart disabled due to context in which it is running

  .   ____          _            __ _ _
 /\\ / ___'_ __ _ _(_)_ __  __ _ \ \ \ \
( ( )\___ | '_ | '_| | '_ \/ _` | \ \ \ \
 \\/  ___)| |_)| | | | | || (_| |  ) ) ) )
  '  |____| .__|_| |_|_| |_\__, | / / / /
 =========|_|==============|___/=/_/_/_/

 :: Spring Boot ::                (v3.3.2)

2024-07-30T21:22:00.569+03:00  INFO 28560 --- [springsecuritybasic] [           main] .e.s.SpringsecuritybasicApplicationTests : Starting SpringsecuritybasicApplicationTests using Java 17.0.11 with PID 28560 (started by mohamed.tantawy in G:\java training\security\springsecuritybasic)
2024-07-30T21:22:00.571+03:00  INFO 28560 --- [springsecuritybasic] [           main] .e.s.SpringsecuritybasicApplicationTests : No active profile set, falling back to 1 default profile: "default"
2024-07-30T21:22:02.761+03:00  WARN 28560 --- [springsecuritybasic] [           main] .s.s.UserDetailsServiceAutoConfiguration : 

Using generated security password: 1bf19152-1a7b-4826-bf45-a4d336df640c

This generated password is for development use only. Your security configuration must be updated before running your application in production.

2024-07-30T21:22:02.798+03:00  INFO 28560 --- [springsecuritybasic] [           main] r$InitializeUserDetailsManagerConfigurer : Global AuthenticationManager configured with UserDetailsService bean with name inMemoryUserDetailsManager
2024-07-30T21:22:03.025+03:00  INFO 28560 --- [springsecuritybasic] [           main] .e.s.SpringsecuritybasicApplicationTests : Started SpringsecuritybasicApplicationTests in 2.873 seconds (process running for 3.791)
]]></system-out>
  </testcase>
</testsuite>